TN:
SF:src/modules/appointments/services/CreateAppointmentService.ts
FN:75,Object.<anonymous>
FN:75,Object.<anonymous>.__decorate
FN:75,Object.<anonymous>.__metadata
FN:75,Object.<anonymous>.__param
FN:75,Object.<anonymous>.__awaiter
FN:75,adopt
FN:75,fulfilled
FN:75,rejected
FN:75,step
FN:75,Object.<anonymous>.__generator
FN:75,sent
FN:75,g.<computed>
FN:75,verb
FN:75,step
FN:75,Object.<anonymous>.__importDefault
FN:16,CreateAppointmentService
FN:25,Object.<anonymous>.CreateAppointmentService.execute
FNF:17
FNH:15
FNDA:1,Object.<anonymous>
FNDA:1,Object.<anonymous>.__decorate
FNDA:1,Object.<anonymous>.__metadata
FNDA:3,Object.<anonymous>.__param
FNDA:7,Object.<anonymous>.__awaiter
FNDA:6,adopt
FNDA:6,fulfilled
FNDA:0,rejected
FNDA:8,step
FNDA:7,Object.<anonymous>.__generator
FNDA:6,sent
FNDA:0,g.<computed>
FNDA:21,verb
FNDA:13,step
FNDA:1,Object.<anonymous>.__importDefault
FNDA:5,CreateAppointmentService
FNDA:7,Object.<anonymous>.CreateAppointmentService.execute
DA:1,1
DA:2,1
DA:3,1
DA:4,1
DA:5,1
DA:6,1
DA:7,1
DA:8,1
DA:9,1
DA:10,1
DA:11,1
DA:12,1
DA:13,1
DA:14,1
DA:15,1
DA:16,1
DA:17,5
DA:18,5
DA:19,5
DA:20,5
DA:21,5
DA:22,5
DA:23,5
DA:24,1
DA:25,1
DA:26,7
DA:27,7
DA:28,7
DA:29,7
DA:30,7
DA:31,7
DA:32,7
DA:33,7
DA:34,3
DA:35,3
DA:36,4
DA:37,7
DA:38,1
DA:39,1
DA:40,3
DA:41,7
DA:42,1
DA:43,1
DA:44,1
DA:45,1
DA:46,2
DA:47,2
DA:48,2
DA:49,2
DA:50,7
DA:51,7
DA:52,7
DA:53,7
DA:54,7
DA:55,7
DA:56,7
DA:57,7
DA:58,7
DA:59,7
DA:60,7
DA:61,7
DA:62,7
DA:63,7
DA:64,7
DA:65,7
DA:66,7
DA:67,7
DA:68,7
DA:69,7
DA:70,7
DA:71,7
DA:72,7
DA:73,1
DA:74,1
DA:75,1
LF:75
LH:75
BRDA:75,0,0,1
BRDA:75,1,0,1
BRDA:75,2,0,1
BRDA:75,3,0,0
BRDA:75,4,0,0
BRDA:75,5,0,0
BRDA:75,6,0,0
BRDA:75,7,0,1
BRDA:75,8,0,3
BRDA:75,9,0,3
BRDA:75,10,0,7
BRDA:75,11,0,6
BRDA:75,12,0,0
BRDA:75,13,0,7
BRDA:75,14,0,6
BRDA:75,15,0,0
BRDA:75,16,0,8
BRDA:75,17,0,2
BRDA:75,18,0,6
BRDA:75,19,0,7
BRDA:75,20,0,6
BRDA:75,21,0,0
BRDA:75,22,0,21
BRDA:75,23,0,13
BRDA:75,24,0,13
BRDA:75,25,0,0
BRDA:75,26,0,26
BRDA:75,27,0,0
BRDA:75,28,0,0
BRDA:75,29,0,0
BRDA:75,30,0,0
BRDA:75,31,0,13
BRDA:75,32,0,13
BRDA:75,33,0,6
BRDA:75,34,0,0
BRDA:75,35,0,0
BRDA:75,36,0,7
BRDA:75,37,0,0
BRDA:75,38,0,2
BRDA:75,39,0,0
BRDA:75,40,0,0
BRDA:75,41,0,0
BRDA:75,42,0,0
BRDA:75,43,0,13
BRDA:75,44,0,8
BRDA:75,45,0,5
BRDA:75,46,0,13
BRDA:75,47,0,7
BRDA:75,48,0,5
BRDA:75,49,0,2
BRDA:75,50,0,0
BRDA:75,51,0,1
BRDA:75,52,0,0
BRDA:15,53,0,1
BRDA:16,54,0,5
BRDA:25,55,0,7
BRDA:75,56,0,7
BRDA:75,57,0,13
BRDA:75,58,0,7
BRDA:33,59,0,3
BRDA:35,60,0,4
BRDA:37,61,0,1
BRDA:39,62,0,3
BRDA:41,63,0,2
BRDA:41,64,0,1
BRDA:45,65,0,2
BRDA:75,66,0,2
BRDA:51,67,0,0
BRDA:75,68,0,2
BRDA:75,69,0,2
BRF:70
BRH:48
end_of_record
TN:
SF:src/modules/appointments/services/ListProviderAppointmentsService.ts
FN:46,Object.<anonymous>
FN:46,Object.<anonymous>.__decorate
FN:46,Object.<anonymous>.__metadata
FN:46,Object.<anonymous>.__param
FN:46,Object.<anonymous>.__awaiter
FN:46,adopt
FN:46,fulfilled
FN:46,rejected
FN:46,step
FN:46,Object.<anonymous>.__generator
FN:46,sent
FN:46,g.<computed>
FN:46,verb
FN:46,step
FN:15,ListProviderAppointmentsService
FN:22,Object.<anonymous>.ListProviderAppointmentsService.execute
FNF:16
FNH:14
FNDA:1,Object.<anonymous>
FNDA:1,Object.<anonymous>.__decorate
FNDA:1,Object.<anonymous>.__metadata
FNDA:2,Object.<anonymous>.__param
FNDA:1,Object.<anonymous>.__awaiter
FNDA:1,adopt
FNDA:0,fulfilled
FNDA:1,rejected
FNDA:1,step
FNDA:1,Object.<anonymous>.__generator
FNDA:1,sent
FNDA:0,g.<computed>
FNDA:3,verb
FNDA:2,step
FNDA:1,ListProviderAppointmentsService
FNDA:1,Object.<anonymous>.ListProviderAppointmentsService.execute
DA:1,1
DA:2,1
DA:3,1
DA:4,1
DA:5,1
DA:6,1
DA:7,1
DA:8,1
DA:9,1
DA:10,1
DA:11,1
DA:12,1
DA:13,1
DA:14,1
DA:15,1
DA:16,1
DA:17,1
DA:18,1
DA:19,1
DA:20,1
DA:21,1
DA:22,1
DA:23,1
DA:24,1
DA:25,1
DA:26,1
DA:27,1
DA:28,1
DA:29,1
DA:30,1
DA:31,1
DA:32,1
DA:33,0
DA:34,0
DA:35,0
DA:36,0
DA:37,0
DA:38,0
DA:39,0
DA:40,0
DA:41,1
DA:42,1
DA:43,1
DA:44,1
DA:45,1
DA:46,1
LF:46
LH:38
BRDA:46,0,0,1
BRDA:46,1,0,1
BRDA:46,2,0,1
BRDA:46,3,0,0
BRDA:46,4,0,0
BRDA:46,5,0,0
BRDA:46,6,0,0
BRDA:46,7,0,1
BRDA:46,8,0,2
BRDA:46,9,0,2
BRDA:46,10,0,1
BRDA:46,11,0,1
BRDA:46,12,0,0
BRDA:46,13,0,1
BRDA:46,14,0,1
BRDA:46,15,0,0
BRDA:46,16,0,1
BRDA:46,17,0,0
BRDA:46,18,0,1
BRDA:46,19,0,1
BRDA:46,20,0,0
BRDA:46,21,0,3
BRDA:46,22,0,2
BRDA:46,23,0,2
BRDA:46,24,0,0
BRDA:46,25,0,4
BRDA:46,26,0,0
BRDA:46,27,0,0
BRDA:46,28,0,0
BRDA:46,29,0,0
BRDA:46,30,0,1
BRDA:46,31,0,2
BRDA:46,32,0,1
BRDA:46,33,0,0
BRDA:46,34,0,0
BRDA:46,35,0,1
BRDA:46,36,0,0
BRDA:46,37,0,0
BRDA:46,38,0,0
BRDA:46,39,0,0
BRDA:46,40,0,0
BRDA:46,41,0,0
BRDA:46,42,0,2
BRDA:46,43,0,1
BRDA:46,44,0,2
BRDA:46,45,0,1
BRDA:46,46,0,0
BRDA:46,47,0,0
BRDA:14,48,0,1
BRDA:15,49,0,1
BRDA:22,50,0,1
BRDA:46,51,0,1
BRDA:46,52,0,2
BRDA:46,53,0,1
BRDA:46,54,0,1
BRDA:32,55,0,0
BRDA:46,56,0,0
BRDA:46,57,0,0
BRDA:44,58,0,0
BRF:59
BRH:32
end_of_record
TN:
SF:src/modules/appointments/services/ListProviderDayAvailabilityService.ts
FN:59,Object.<anonymous>
FN:59,Object.<anonymous>.__decorate
FN:59,Object.<anonymous>.__metadata
FN:59,Object.<anonymous>.__param
FN:59,Object.<anonymous>.__awaiter
FN:59,adopt
FN:59,fulfilled
FN:59,rejected
FN:59,step
FN:59,Object.<anonymous>.__generator
FN:59,sent
FN:59,g.<computed>
FN:59,verb
FN:59,step
FN:18,ListProviderDayAvailabilidy
FN:23,Object.<anonymous>.ListProviderDayAvailabilidy.execute
FNF:16
FNH:14
FNDA:1,Object.<anonymous>
FNDA:1,Object.<anonymous>.__decorate
FNDA:1,Object.<anonymous>.__metadata
FNDA:1,Object.<anonymous>.__param
FNDA:1,Object.<anonymous>.__awaiter
FNDA:1,adopt
FNDA:1,fulfilled
FNDA:0,rejected
FNDA:2,step
FNDA:1,Object.<anonymous>.__generator
FNDA:1,sent
FNDA:0,g.<computed>
FNDA:3,verb
FNDA:2,step
FNDA:1,ListProviderDayAvailabilidy
FNDA:1,Object.<anonymous>.ListProviderDayAvailabilidy.execute
DA:1,1
DA:2,1
DA:3,1
DA:4,1
DA:5,1
DA:6,1
DA:7,1
DA:8,1
DA:9,1
DA:10,1
DA:11,1
DA:12,1
DA:13,1
DA:14,1
DA:15,1
DA:16,1
DA:17,1
DA:18,1
DA:19,1
DA:20,1
DA:21,1
DA:22,1
DA:23,1
DA:24,1
DA:25,1
DA:26,1
DA:27,1
DA:28,1
DA:29,1
DA:30,1
DA:31,1
DA:32,1
DA:33,1
DA:34,1
DA:35,1
DA:36,1
DA:37,1
DA:38,1
DA:39,1
DA:40,1
DA:41,1
DA:42,1
DA:43,1
DA:44,1
DA:45,10
DA:46,10
DA:47,10
DA:48,10
DA:49,10
DA:50,10
DA:51,10
DA:52,10
DA:53,10
DA:54,10
DA:55,1
DA:56,1
DA:57,1
DA:58,1
DA:59,1
LF:59
LH:59
BRDA:59,0,0,1
BRDA:59,1,0,1
BRDA:59,2,0,1
BRDA:59,3,0,0
BRDA:59,4,0,0
BRDA:59,5,0,0
BRDA:59,6,0,0
BRDA:59,7,0,1
BRDA:59,8,0,1
BRDA:59,9,0,1
BRDA:59,10,0,1
BRDA:59,11,0,1
BRDA:59,12,0,0
BRDA:59,13,0,1
BRDA:59,14,0,1
BRDA:59,15,0,0
BRDA:59,16,0,2
BRDA:59,17,0,1
BRDA:59,18,0,1
BRDA:59,19,0,1
BRDA:59,20,0,1
BRDA:59,21,0,0
BRDA:59,22,0,3
BRDA:59,23,0,2
BRDA:59,24,0,2
BRDA:59,25,0,0
BRDA:59,26,0,4
BRDA:59,27,0,0
BRDA:59,28,0,0
BRDA:59,29,0,0
BRDA:59,30,0,0
BRDA:59,31,0,2
BRDA:59,32,0,2
BRDA:59,33,0,1
BRDA:59,34,0,0
BRDA:59,35,0,0
BRDA:59,36,0,1
BRDA:59,37,0,0
BRDA:59,38,0,0
BRDA:59,39,0,0
BRDA:59,40,0,0
BRDA:59,41,0,0
BRDA:59,42,0,2
BRDA:59,43,0,0
BRDA:59,44,0,2
BRDA:59,45,0,1
BRDA:59,46,0,0
BRDA:59,47,0,1
BRDA:59,48,0,0
BRDA:17,49,0,1
BRDA:18,50,0,1
BRDA:23,51,0,1
BRDA:59,52,0,1
BRDA:59,53,0,2
BRDA:29,54,0,1
BRDA:59,55,0,1
BRDA:41,56,0,10
BRDA:44,57,0,10
BRDA:53,58,0,8
BRDA:46,59,0,19
BRF:60
BRH:38
end_of_record
TN:
SF:src/modules/appointments/services/ListProviderMonthAvailabilityService.ts
FN:55,Object.<anonymous>
FN:55,Object.<anonymous>.__decorate
FN:55,Object.<anonymous>.__metadata
FN:55,Object.<anonymous>.__param
FN:55,Object.<anonymous>.__awaiter
FN:55,adopt
FN:55,fulfilled
FN:55,rejected
FN:55,step
FN:55,Object.<anonymous>.__generator
FN:55,sent
FN:55,g.<computed>
FN:55,verb
FN:55,step
FN:18,ListProviderMonthAvailabilityService
FN:23,Object.<anonymous>.ListProviderMonthAvailabilityService.execute
FNF:16
FNH:14
FNDA:1,Object.<anonymous>
FNDA:1,Object.<anonymous>.__decorate
FNDA:1,Object.<anonymous>.__metadata
FNDA:1,Object.<anonymous>.__param
FNDA:1,Object.<anonymous>.__awaiter
FNDA:1,adopt
FNDA:1,fulfilled
FNDA:0,rejected
FNDA:2,step
FNDA:1,Object.<anonymous>.__generator
FNDA:1,sent
FNDA:0,g.<computed>
FNDA:3,verb
FNDA:2,step
FNDA:1,ListProviderMonthAvailabilityService
FNDA:1,Object.<anonymous>.ListProviderMonthAvailabilityService.execute
DA:1,1
DA:2,1
DA:3,1
DA:4,1
DA:5,1
DA:6,1
DA:7,1
DA:8,1
DA:9,1
DA:10,1
DA:11,1
DA:12,1
DA:13,1
DA:14,1
DA:15,1
DA:16,1
DA:17,1
DA:18,1
DA:19,1
DA:20,1
DA:21,1
DA:22,1
DA:23,1
DA:24,1
DA:25,1
DA:26,1
DA:27,1
DA:28,1
DA:29,1
DA:30,1
DA:31,1
DA:32,1
DA:33,1
DA:34,1
DA:35,1
DA:36,1
DA:37,1
DA:38,1
DA:39,1
DA:40,1
DA:41,1
DA:42,1
DA:43,30
DA:44,390
DA:45,30
DA:46,30
DA:47,30
DA:48,30
DA:49,30
DA:50,30
DA:51,1
DA:52,1
DA:53,1
DA:54,1
DA:55,1
LF:55
LH:55
BRDA:55,0,0,1
BRDA:55,1,0,1
BRDA:55,2,0,1
BRDA:55,3,0,0
BRDA:55,4,0,0
BRDA:55,5,0,0
BRDA:55,6,0,0
BRDA:55,7,0,1
BRDA:55,8,0,1
BRDA:55,9,0,1
BRDA:55,10,0,1
BRDA:55,11,0,1
BRDA:55,12,0,0
BRDA:55,13,0,1
BRDA:55,14,0,1
BRDA:55,15,0,0
BRDA:55,16,0,2
BRDA:55,17,0,1
BRDA:55,18,0,1
BRDA:55,19,0,1
BRDA:55,20,0,1
BRDA:55,21,0,0
BRDA:55,22,0,3
BRDA:55,23,0,2
BRDA:55,24,0,2
BRDA:55,25,0,0
BRDA:55,26,0,4
BRDA:55,27,0,0
BRDA:55,28,0,0
BRDA:55,29,0,0
BRDA:55,30,0,0
BRDA:55,31,0,2
BRDA:55,32,0,2
BRDA:55,33,0,1
BRDA:55,34,0,0
BRDA:55,35,0,0
BRDA:55,36,0,1
BRDA:55,37,0,0
BRDA:55,38,0,0
BRDA:55,39,0,0
BRDA:55,40,0,0
BRDA:55,41,0,0
BRDA:55,42,0,2
BRDA:55,43,0,0
BRDA:55,44,0,2
BRDA:55,45,0,1
BRDA:55,46,0,0
BRDA:55,47,0,1
BRDA:55,48,0,0
BRDA:17,49,0,1
BRDA:18,50,0,1
BRDA:23,51,0,1
BRDA:55,52,0,1
BRDA:55,53,0,2
BRDA:28,54,0,1
BRDA:55,55,0,1
BRDA:40,56,0,30
BRDA:42,57,0,30
BRDA:43,58,0,390
BRF:59
BRH:37
end_of_record
TN:
SF:src/modules/appointments/services/ListProvidersService.ts
FN:33,Object.<anonymous>
FN:33,Object.<anonymous>.__decorate
FN:33,Object.<anonymous>.__metadata
FN:33,Object.<anonymous>.__param
FN:33,Object.<anonymous>.__awaiter
FN:33,adopt
FN:33,fulfilled
FN:33,rejected
FN:33,step
FN:33,Object.<anonymous>.__generator
FN:33,sent
FN:33,g.<computed>
FN:33,verb
FN:33,step
FN:12,ListProvidersService
FN:19,Object.<anonymous>.ListProvidersService.execute
FNF:16
FNH:14
FNDA:1,Object.<anonymous>
FNDA:1,Object.<anonymous>.__decorate
FNDA:1,Object.<anonymous>.__metadata
FNDA:2,Object.<anonymous>.__param
FNDA:1,Object.<anonymous>.__awaiter
FNDA:1,adopt
FNDA:0,fulfilled
FNDA:1,rejected
FNDA:1,step
FNDA:1,Object.<anonymous>.__generator
FNDA:1,sent
FNDA:0,g.<computed>
FNDA:3,verb
FNDA:2,step
FNDA:1,ListProvidersService
FNDA:1,Object.<anonymous>.ListProvidersService.execute
DA:1,1
DA:2,1
DA:3,1
DA:4,1
DA:5,1
DA:6,1
DA:7,1
DA:8,1
DA:9,1
DA:10,1
DA:11,1
DA:12,1
DA:13,1
DA:14,1
DA:15,1
DA:16,1
DA:17,1
DA:18,1
DA:19,1
DA:20,1
DA:21,1
DA:22,1
DA:23,1
DA:24,0
DA:25,0
DA:26,0
DA:27,1
DA:28,1
DA:29,1
DA:30,1
DA:31,1
DA:32,1
DA:33,1
LF:33
LH:30
BRDA:33,0,0,1
BRDA:33,1,0,1
BRDA:33,2,0,1
BRDA:33,3,0,0
BRDA:33,4,0,0
BRDA:33,5,0,0
BRDA:33,6,0,0
BRDA:33,7,0,1
BRDA:33,8,0,2
BRDA:33,9,0,2
BRDA:33,10,0,1
BRDA:33,11,0,1
BRDA:33,12,0,0
BRDA:33,13,0,1
BRDA:33,14,0,1
BRDA:33,15,0,0
BRDA:33,16,0,1
BRDA:33,17,0,0
BRDA:33,18,0,1
BRDA:33,19,0,1
BRDA:33,20,0,0
BRDA:33,21,0,3
BRDA:33,22,0,2
BRDA:33,23,0,2
BRDA:33,24,0,0
BRDA:33,25,0,4
BRDA:33,26,0,0
BRDA:33,27,0,0
BRDA:33,28,0,0
BRDA:33,29,0,0
BRDA:33,30,0,1
BRDA:33,31,0,2
BRDA:33,32,0,1
BRDA:33,33,0,0
BRDA:33,34,0,0
BRDA:33,35,0,1
BRDA:33,36,0,0
BRDA:33,37,0,0
BRDA:33,38,0,0
BRDA:33,39,0,0
BRDA:33,40,0,0
BRDA:33,41,0,0
BRDA:33,42,0,2
BRDA:33,43,0,1
BRDA:33,44,0,2
BRDA:33,45,0,1
BRDA:33,46,0,0
BRDA:33,47,0,0
BRDA:11,48,0,1
BRDA:12,49,0,1
BRDA:19,50,0,1
BRDA:33,51,0,1
BRDA:33,52,0,2
BRDA:20,53,0,1
BRDA:33,54,0,1
BRDA:23,55,0,0
BRDA:33,56,0,0
BRDA:33,57,0,0
BRDA:31,58,0,0
BRF:59
BRH:32
end_of_record
TN:
SF:src/modules/users/services/AuthenticateUserService.ts
FN:49,Object.<anonymous>
FN:49,Object.<anonymous>.__decorate
FN:49,Object.<anonymous>.__metadata
FN:49,Object.<anonymous>.__param
FN:49,Object.<anonymous>.__awaiter
FN:49,adopt
FN:49,fulfilled
FN:49,rejected
FN:49,step
FN:49,Object.<anonymous>.__generator
FN:49,sent
FN:49,g.<computed>
FN:49,verb
FN:49,step
FN:49,Object.<anonymous>.__importDefault
FN:21,AuthenticateUserService
FN:28,Object.<anonymous>.AuthenticateUserService.execute
FNF:17
FNH:15
FNDA:1,Object.<anonymous>
FNDA:1,Object.<anonymous>.__decorate
FNDA:1,Object.<anonymous>.__metadata
FNDA:2,Object.<anonymous>.__param
FNDA:3,Object.<anonymous>.__awaiter
FNDA:5,adopt
FNDA:5,fulfilled
FNDA:0,rejected
FNDA:5,step
FNDA:3,Object.<anonymous>.__generator
FNDA:5,sent
FNDA:0,g.<computed>
FNDA:9,verb
FNDA:8,step
FNDA:2,Object.<anonymous>.__importDefault
FNDA:3,AuthenticateUserService
FNDA:3,Object.<anonymous>.AuthenticateUserService.execute
DA:1,1
DA:2,1
DA:3,1
DA:4,1
DA:5,1
DA:6,1
DA:7,1
DA:8,1
DA:9,1
DA:10,1
DA:11,1
DA:12,1
DA:13,1
DA:14,1
DA:15,1
DA:16,1
DA:17,1
DA:18,1
DA:19,1
DA:20,1
DA:21,1
DA:22,3
DA:23,3
DA:24,3
DA:25,3
DA:26,3
DA:27,1
DA:28,1
DA:29,3
DA:30,3
DA:31,2
DA:32,2
DA:33,2
DA:34,2
DA:35,3
DA:36,3
DA:37,1
DA:38,1
DA:39,1
DA:40,1
DA:41,1
DA:42,1
DA:43,1
DA:44,1
DA:45,1
DA:46,3
DA:47,1
DA:48,1
DA:49,1
LF:49
LH:49
BRDA:49,0,0,1
BRDA:49,1,0,1
BRDA:49,2,0,1
BRDA:49,3,0,0
BRDA:49,4,0,0
BRDA:49,5,0,0
BRDA:49,6,0,0
BRDA:49,7,0,1
BRDA:49,8,0,2
BRDA:49,9,0,2
BRDA:49,10,0,3
BRDA:49,11,0,5
BRDA:49,12,0,0
BRDA:49,13,0,3
BRDA:49,14,0,5
BRDA:49,15,0,2
BRDA:49,16,0,3
BRDA:49,17,0,5
BRDA:49,18,0,0
BRDA:49,19,0,3
BRDA:49,20,0,5
BRDA:49,21,0,0
BRDA:49,22,0,9
BRDA:49,23,0,8
BRDA:49,24,0,8
BRDA:49,25,0,0
BRDA:49,26,0,16
BRDA:49,27,0,0
BRDA:49,28,0,0
BRDA:49,29,0,0
BRDA:49,30,0,0
BRDA:49,31,0,8
BRDA:49,32,0,8
BRDA:49,33,0,5
BRDA:49,34,0,0
BRDA:49,35,0,0
BRDA:49,36,0,3
BRDA:49,37,0,0
BRDA:49,38,0,0
BRDA:49,39,0,0
BRDA:49,40,0,0
BRDA:49,41,0,0
BRDA:49,42,0,0
BRDA:49,43,0,8
BRDA:49,44,0,5
BRDA:49,45,0,3
BRDA:49,46,0,8
BRDA:49,47,0,3
BRDA:49,48,0,0
BRDA:49,49,0,0
BRDA:49,50,0,2
BRDA:49,51,0,0
BRDA:20,52,0,1
BRDA:21,53,0,3
BRDA:28,54,0,3
BRDA:49,55,0,3
BRDA:49,56,0,8
BRDA:29,57,0,3
BRDA:49,58,0,3
BRDA:30,59,0,1
BRDA:30,60,0,2
BRDA:49,61,0,2
BRDA:36,62,0,1
BRF:63
BRH:40
end_of_record
TN:
SF:src/modules/users/services/CreateUserService.ts
FN:42,Object.<anonymous>
FN:42,Object.<anonymous>.__decorate
FN:42,Object.<anonymous>.__metadata
FN:42,Object.<anonymous>.__param
FN:42,Object.<anonymous>.__awaiter
FN:42,adopt
FN:42,fulfilled
FN:42,rejected
FN:42,step
FN:42,Object.<anonymous>.__generator
FN:42,sent
FN:42,g.<computed>
FN:42,verb
FN:42,step
FN:42,Object.<anonymous>.__importDefault
FN:16,CreateUserService
FN:25,Object.<anonymous>.CreateUserService.execute
FNF:17
FNH:15
FNDA:2,Object.<anonymous>
FNDA:2,Object.<anonymous>.__decorate
FNDA:2,Object.<anonymous>.__metadata
FNDA:6,Object.<anonymous>.__param
FNDA:4,Object.<anonymous>.__awaiter
FNDA:14,adopt
FNDA:14,fulfilled
FNDA:0,rejected
FNDA:16,step
FNDA:4,Object.<anonymous>.__generator
FNDA:14,sent
FNDA:0,g.<computed>
FNDA:12,verb
FNDA:18,step
FNDA:2,Object.<anonymous>.__importDefault
FNDA:6,CreateUserService
FNDA:4,Object.<anonymous>.CreateUserService.execute
DA:1,1
DA:2,1
DA:3,1
DA:4,1
DA:5,1
DA:6,1
DA:7,1
DA:8,1
DA:9,1
DA:10,1
DA:11,1
DA:12,1
DA:13,1
DA:14,1
DA:15,2
DA:16,2
DA:17,6
DA:18,6
DA:19,6
DA:20,6
DA:21,6
DA:22,6
DA:23,6
DA:24,2
DA:25,2
DA:26,4
DA:27,4
DA:28,4
DA:29,4
DA:30,4
DA:31,4
DA:32,4
DA:33,4
DA:34,4
DA:35,4
DA:36,4
DA:37,4
DA:38,4
DA:39,4
DA:40,2
DA:41,1
DA:42,1
LF:42
LH:42
BRDA:42,0,0,2
BRDA:42,1,0,2
BRDA:42,2,0,2
BRDA:42,3,0,0
BRDA:42,4,0,0
BRDA:42,5,0,0
BRDA:42,6,0,0
BRDA:42,7,0,2
BRDA:42,8,0,6
BRDA:42,9,0,6
BRDA:42,10,0,4
BRDA:42,11,0,14
BRDA:42,12,0,0
BRDA:42,13,0,4
BRDA:42,14,0,14
BRDA:42,15,0,12
BRDA:42,16,0,2
BRDA:42,17,0,16
BRDA:42,18,0,2
BRDA:42,19,0,14
BRDA:42,20,0,4
BRDA:42,21,0,14
BRDA:42,22,0,0
BRDA:42,23,0,12
BRDA:42,24,0,18
BRDA:42,25,0,18
BRDA:42,26,0,0
BRDA:42,27,0,36
BRDA:42,28,0,0
BRDA:42,29,0,0
BRDA:42,30,0,0
BRDA:42,31,0,0
BRDA:42,32,0,18
BRDA:42,33,0,18
BRDA:42,34,0,14
BRDA:42,35,0,0
BRDA:42,36,0,0
BRDA:42,37,0,4
BRDA:42,38,0,0
BRDA:42,39,0,2
BRDA:42,40,0,0
BRDA:42,41,0,0
BRDA:42,42,0,0
BRDA:42,43,0,0
BRDA:42,44,0,26
BRDA:42,45,0,18
BRDA:42,46,0,16
BRDA:42,47,0,2
BRDA:42,48,0,18
BRDA:42,49,0,12
BRDA:42,50,0,4
BRDA:42,51,0,2
BRDA:42,52,0,2
BRDA:42,53,0,0
BRDA:42,54,0,2
BRDA:42,55,0,0
BRDA:15,56,0,2
BRDA:16,57,0,6
BRDA:25,58,0,4
BRDA:42,59,0,4
BRDA:42,60,0,18
BRDA:26,61,0,4
BRDA:42,62,0,4
BRDA:27,63,0,0
BRDA:42,64,0,4
BRDA:42,65,0,4
BRDA:42,66,0,2
BRF:67
BRH:46
end_of_record
TN:
SF:src/modules/users/services/ResetPasswordService.ts
FN:46,Object.<anonymous>
FN:46,Object.<anonymous>.__decorate
FN:46,Object.<anonymous>.__metadata
FN:46,Object.<anonymous>.__param
FN:46,Object.<anonymous>.__awaiter
FN:46,adopt
FN:46,fulfilled
FN:46,rejected
FN:46,step
FN:46,Object.<anonymous>.__generator
FN:46,sent
FN:46,g.<computed>
FN:46,verb
FN:46,step
FN:46,Object.<anonymous>.__importDefault
FN:15,ResetPasswordService
FN:24,Object.<anonymous>.ResetPasswordService.execute
FNF:17
FNH:15
FNDA:1,Object.<anonymous>
FNDA:1,Object.<anonymous>.__decorate
FNDA:1,Object.<anonymous>.__metadata
FNDA:3,Object.<anonymous>.__param
FNDA:4,Object.<anonymous>.__awaiter
FNDA:9,adopt
FNDA:9,fulfilled
FNDA:0,rejected
FNDA:10,step
FNDA:4,Object.<anonymous>.__generator
FNDA:9,sent
FNDA:0,g.<computed>
FNDA:12,verb
FNDA:13,step
FNDA:1,Object.<anonymous>.__importDefault
FNDA:4,ResetPasswordService
FNDA:4,Object.<anonymous>.ResetPasswordService.execute
DA:1,1
DA:2,1
DA:3,1
DA:4,1
DA:5,1
DA:6,1
DA:7,1
DA:8,1
DA:9,1
DA:10,1
DA:11,1
DA:12,1
DA:13,1
DA:14,1
DA:15,1
DA:16,4
DA:17,4
DA:18,4
DA:19,4
DA:20,4
DA:21,4
DA:22,4
DA:23,1
DA:24,1
DA:25,4
DA:26,4
DA:27,4
DA:28,1
DA:29,1
DA:30,4
DA:31,4
DA:32,1
DA:33,1
DA:34,2
DA:35,2
DA:36,4
DA:37,1
DA:38,1
DA:39,1
DA:40,1
DA:41,4
DA:42,4
DA:43,4
DA:44,1
DA:45,1
DA:46,1
LF:46
LH:46
BRDA:46,0,0,1
BRDA:46,1,0,1
BRDA:46,2,0,1
BRDA:46,3,0,0
BRDA:46,4,0,0
BRDA:46,5,0,0
BRDA:46,6,0,0
BRDA:46,7,0,1
BRDA:46,8,0,3
BRDA:46,9,0,3
BRDA:46,10,0,4
BRDA:46,11,0,9
BRDA:46,12,0,0
BRDA:46,13,0,4
BRDA:46,14,0,9
BRDA:46,15,0,6
BRDA:46,16,0,3
BRDA:46,17,0,10
BRDA:46,18,0,1
BRDA:46,19,0,9
BRDA:46,20,0,4
BRDA:46,21,0,9
BRDA:46,22,0,0
BRDA:46,23,0,12
BRDA:46,24,0,13
BRDA:46,25,0,13
BRDA:46,26,0,0
BRDA:46,27,0,26
BRDA:46,28,0,0
BRDA:46,29,0,0
BRDA:46,30,0,0
BRDA:46,31,0,0
BRDA:46,32,0,13
BRDA:46,33,0,13
BRDA:46,34,0,9
BRDA:46,35,0,0
BRDA:46,36,0,0
BRDA:46,37,0,4
BRDA:46,38,0,0
BRDA:46,39,0,1
BRDA:46,40,0,0
BRDA:46,41,0,0
BRDA:46,42,0,0
BRDA:46,43,0,0
BRDA:46,44,0,13
BRDA:46,45,0,10
BRDA:46,46,0,3
BRDA:46,47,0,13
BRDA:46,48,0,4
BRDA:46,49,0,3
BRDA:46,50,0,1
BRDA:46,51,0,0
BRDA:46,52,0,1
BRDA:46,53,0,0
BRDA:14,54,0,1
BRDA:15,55,0,4
BRDA:24,56,0,4
BRDA:46,57,0,4
BRDA:46,58,0,13
BRDA:25,59,0,4
BRDA:46,60,0,4
BRDA:27,61,0,1
BRDA:29,62,0,3
BRDA:30,63,0,0
BRDA:30,64,0,3
BRDA:46,65,0,3
BRDA:31,66,0,1
BRDA:33,67,0,2
BRDA:36,68,0,1
BRDA:46,69,0,1
BRDA:46,70,0,1
BRF:71
BRH:50
end_of_record
TN:
SF:src/modules/users/services/SendForgotPasswordEmailService.ts
FN:54,Object.<anonymous>
FN:54,Object.<anonymous>.__decorate
FN:54,Object.<anonymous>.__metadata
FN:54,Object.<anonymous>.__param
FN:54,Object.<anonymous>.__awaiter
FN:54,adopt
FN:54,fulfilled
FN:54,rejected
FN:54,step
FN:54,Object.<anonymous>.__generator
FN:54,sent
FN:54,g.<computed>
FN:54,verb
FN:54,step
FN:54,Object.<anonymous>.__importDefault
FN:14,SendForgotPasswordEmailService
FN:23,Object.<anonymous>.SendForgotPasswordEmailService.execute
FNF:17
FNH:15
FNDA:1,Object.<anonymous>
FNDA:1,Object.<anonymous>.__decorate
FNDA:1,Object.<anonymous>.__metadata
FNDA:3,Object.<anonymous>.__param
FNDA:3,Object.<anonymous>.__awaiter
FNDA:7,adopt
FNDA:7,fulfilled
FNDA:0,rejected
FNDA:9,step
FNDA:3,Object.<anonymous>.__generator
FNDA:7,sent
FNDA:0,g.<computed>
FNDA:9,verb
FNDA:10,step
FNDA:2,Object.<anonymous>.__importDefault
FNDA:3,SendForgotPasswordEmailService
FNDA:3,Object.<anonymous>.SendForgotPasswordEmailService.execute
DA:1,1
DA:2,1
DA:3,1
DA:4,1
DA:5,1
DA:6,1
DA:7,1
DA:8,1
DA:9,1
DA:10,1
DA:11,1
DA:12,1
DA:13,1
DA:14,1
DA:15,3
DA:16,3
DA:17,3
DA:18,3
DA:19,3
DA:20,3
DA:21,3
DA:22,1
DA:23,1
DA:24,3
DA:25,3
DA:26,3
DA:27,2
DA:28,2
DA:29,3
DA:30,3
DA:31,3
DA:32,3
DA:33,3
DA:34,3
DA:35,3
DA:36,3
DA:37,3
DA:38,3
DA:39,3
DA:40,3
DA:41,3
DA:42,3
DA:43,3
DA:44,3
DA:45,3
DA:46,3
DA:47,3
DA:48,3
DA:49,3
DA:50,3
DA:51,3
DA:52,1
DA:53,1
DA:54,1
LF:54
LH:54
BRDA:54,0,0,1
BRDA:54,1,0,1
BRDA:54,2,0,1
BRDA:54,3,0,0
BRDA:54,4,0,0
BRDA:54,5,0,0
BRDA:54,6,0,0
BRDA:54,7,0,1
BRDA:54,8,0,3
BRDA:54,9,0,3
BRDA:54,10,0,3
BRDA:54,11,0,7
BRDA:54,12,0,0
BRDA:54,13,0,3
BRDA:54,14,0,7
BRDA:54,15,0,6
BRDA:54,16,0,1
BRDA:54,17,0,9
BRDA:54,18,0,2
BRDA:54,19,0,7
BRDA:54,20,0,3
BRDA:54,21,0,7
BRDA:54,22,0,0
BRDA:54,23,0,9
BRDA:54,24,0,10
BRDA:54,25,0,10
BRDA:54,26,0,0
BRDA:54,27,0,20
BRDA:54,28,0,0
BRDA:54,29,0,0
BRDA:54,30,0,0
BRDA:54,31,0,0
BRDA:54,32,0,10
BRDA:54,33,0,10
BRDA:54,34,0,7
BRDA:54,35,0,0
BRDA:54,36,0,0
BRDA:54,37,0,3
BRDA:54,38,0,0
BRDA:54,39,0,2
BRDA:54,40,0,0
BRDA:54,41,0,0
BRDA:54,42,0,0
BRDA:54,43,0,0
BRDA:54,44,0,10
BRDA:54,45,0,9
BRDA:54,46,0,1
BRDA:54,47,0,10
BRDA:54,48,0,3
BRDA:54,49,0,1
BRDA:54,50,0,2
BRDA:54,51,0,0
BRDA:54,52,0,2
BRDA:54,53,0,1
BRDA:54,54,0,1
BRDA:13,55,0,1
BRDA:14,56,0,3
BRDA:23,57,0,3
BRDA:54,58,0,3
BRDA:54,59,0,10
BRDA:24,60,0,3
BRDA:54,61,0,3
BRDA:26,62,0,1
BRDA:26,63,0,2
BRDA:54,64,0,2
BRDA:54,65,0,2
BRF:66
BRH:47
end_of_record
TN:
SF:src/modules/users/services/ShowProfileService.ts
FN:26,Object.<anonymous>
FN:26,Object.<anonymous>.__decorate
FN:26,Object.<anonymous>.__metadata
FN:26,Object.<anonymous>.__param
FN:26,Object.<anonymous>.__awaiter
FN:26,adopt
FN:26,fulfilled
FN:26,rejected
FN:26,step
FN:26,Object.<anonymous>.__generator
FN:26,sent
FN:26,g.<computed>
FN:26,verb
FN:26,step
FN:26,Object.<anonymous>.__importDefault
FN:13,ShowProfileService
FN:18,Object.<anonymous>.ShowProfileService.execute
FNF:17
FNH:15
FNDA:1,Object.<anonymous>
FNDA:1,Object.<anonymous>.__decorate
FNDA:1,Object.<anonymous>.__metadata
FNDA:1,Object.<anonymous>.__param
FNDA:2,Object.<anonymous>.__awaiter
FNDA:2,adopt
FNDA:2,fulfilled
FNDA:0,rejected
FNDA:3,step
FNDA:2,Object.<anonymous>.__generator
FNDA:2,sent
FNDA:0,g.<computed>
FNDA:6,verb
FNDA:4,step
FNDA:1,Object.<anonymous>.__importDefault
FNDA:2,ShowProfileService
FNDA:2,Object.<anonymous>.ShowProfileService.execute
DA:1,1
DA:2,1
DA:3,1
DA:4,1
DA:5,1
DA:6,1
DA:7,1
DA:8,1
DA:9,1
DA:10,1
DA:11,1
DA:12,1
DA:13,1
DA:14,2
DA:15,2
DA:16,2
DA:17,1
DA:18,1
DA:19,2
DA:20,2
DA:21,2
DA:22,1
DA:23,1
DA:24,1
DA:25,2
DA:26,1
LF:26
LH:26
BRDA:26,0,0,1
BRDA:26,1,0,1
BRDA:26,2,0,1
BRDA:26,3,0,0
BRDA:26,4,0,0
BRDA:26,5,0,0
BRDA:26,6,0,0
BRDA:26,7,0,1
BRDA:26,8,0,1
BRDA:26,9,0,1
BRDA:26,10,0,2
BRDA:26,11,0,2
BRDA:26,12,0,0
BRDA:26,13,0,2
BRDA:26,14,0,2
BRDA:26,15,0,1
BRDA:26,16,0,3
BRDA:26,17,0,1
BRDA:26,18,0,2
BRDA:26,19,0,2
BRDA:26,20,0,2
BRDA:26,21,0,0
BRDA:26,22,0,6
BRDA:26,23,0,4
BRDA:26,24,0,4
BRDA:26,25,0,0
BRDA:26,26,0,8
BRDA:26,27,0,0
BRDA:26,28,0,0
BRDA:26,29,0,0
BRDA:26,30,0,0
BRDA:26,31,0,4
BRDA:26,32,0,4
BRDA:26,33,0,2
BRDA:26,34,0,0
BRDA:26,35,0,0
BRDA:26,36,0,2
BRDA:26,37,0,0
BRDA:26,38,0,1
BRDA:26,39,0,0
BRDA:26,40,0,0
BRDA:26,41,0,0
BRDA:26,42,0,0
BRDA:26,43,0,4
BRDA:26,44,0,3
BRDA:26,45,0,1
BRDA:26,46,0,4
BRDA:26,47,0,2
BRDA:26,48,0,1
BRDA:26,49,0,0
BRDA:26,50,0,1
BRDA:26,51,0,0
BRDA:12,52,0,1
BRDA:13,53,0,2
BRDA:18,54,0,2
BRDA:26,55,0,2
BRDA:26,56,0,4
BRDA:19,57,0,2
BRDA:26,58,0,2
BRDA:21,59,0,1
BRF:60
BRH:40
end_of_record
TN:
SF:src/modules/users/services/UpdateProfileService.ts
FN:64,Object.<anonymous>
FN:64,Object.<anonymous>.__decorate
FN:64,Object.<anonymous>.__metadata
FN:64,Object.<anonymous>.__param
FN:64,Object.<anonymous>.__awaiter
FN:64,adopt
FN:64,fulfilled
FN:64,rejected
FN:64,step
FN:64,Object.<anonymous>.__generator
FN:64,sent
FN:64,g.<computed>
FN:64,verb
FN:64,step
FN:64,Object.<anonymous>.__importDefault
FN:18,UpdateProfileService
FN:26,Object.<anonymous>.UpdateProfileService.execute
FNF:17
FNH:15
FNDA:1,Object.<anonymous>
FNDA:1,Object.<anonymous>.__decorate
FNDA:1,Object.<anonymous>.__metadata
FNDA:2,Object.<anonymous>.__param
FNDA:6,Object.<anonymous>.__awaiter
FNDA:14,adopt
FNDA:14,fulfilled
FNDA:0,rejected
FNDA:16,step
FNDA:6,Object.<anonymous>.__generator
FNDA:14,sent
FNDA:0,g.<computed>
FNDA:18,verb
FNDA:20,step
FNDA:1,Object.<anonymous>.__importDefault
FNDA:6,UpdateProfileService
FNDA:6,Object.<anonymous>.UpdateProfileService.execute
DA:1,1
DA:2,1
DA:3,1
DA:4,1
DA:5,1
DA:6,1
DA:7,1
DA:8,1
DA:9,1
DA:10,1
DA:11,1
DA:12,1
DA:13,1
DA:14,1
DA:15,1
DA:16,1
DA:17,1
DA:18,1
DA:19,6
DA:20,6
DA:21,6
DA:22,6
DA:23,6
DA:24,6
DA:25,1
DA:26,1
DA:27,6
DA:28,6
DA:29,6
DA:30,6
DA:31,6
DA:32,6
DA:33,6
DA:34,6
DA:35,1
DA:36,1
DA:37,5
DA:38,5
DA:39,6
DA:40,6
DA:41,1
DA:42,1
DA:43,6
DA:44,1
DA:45,1
DA:46,1
DA:47,1
DA:48,3
DA:49,6
DA:50,2
DA:51,2
DA:52,2
DA:53,2
DA:54,6
DA:55,1
DA:56,1
DA:57,1
DA:58,6
DA:59,6
DA:60,6
DA:61,6
DA:62,6
DA:63,6
DA:64,1
LF:64
LH:64
BRDA:64,0,0,1
BRDA:64,1,0,1
BRDA:64,2,0,1
BRDA:64,3,0,0
BRDA:64,4,0,0
BRDA:64,5,0,0
BRDA:64,6,0,0
BRDA:64,7,0,1
BRDA:64,8,0,2
BRDA:64,9,0,2
BRDA:64,10,0,6
BRDA:64,11,0,14
BRDA:64,12,0,0
BRDA:64,13,0,6
BRDA:64,14,0,14
BRDA:64,15,0,10
BRDA:64,16,0,4
BRDA:64,17,0,16
BRDA:64,18,0,2
BRDA:64,19,0,14
BRDA:64,20,0,6
BRDA:64,21,0,14
BRDA:64,22,0,0
BRDA:64,23,0,18
BRDA:64,24,0,20
BRDA:64,25,0,20
BRDA:64,26,0,0
BRDA:64,27,0,41
BRDA:64,28,0,0
BRDA:64,29,0,0
BRDA:64,30,0,0
BRDA:64,31,0,0
BRDA:64,32,0,20
BRDA:64,33,0,20
BRDA:64,34,0,14
BRDA:64,35,0,0
BRDA:64,36,0,0
BRDA:64,37,0,7
BRDA:64,38,0,0
BRDA:64,39,0,3
BRDA:64,40,0,6
BRDA:64,41,0,1
BRDA:64,42,0,0
BRDA:64,43,0,1
BRDA:64,44,0,0
BRDA:64,45,0,0
BRDA:64,46,0,0
BRDA:64,47,0,21
BRDA:64,48,0,17
BRDA:64,49,0,4
BRDA:64,50,0,21
BRDA:64,51,0,6
BRDA:64,52,0,4
BRDA:64,53,0,2
BRDA:64,54,0,0
BRDA:64,55,0,1
BRDA:64,56,0,0
BRDA:17,57,0,1
BRDA:18,58,0,6
BRDA:26,59,0,6
BRDA:64,60,0,6
BRDA:64,61,0,21
BRDA:33,62,0,6
BRDA:64,63,0,6
BRDA:34,64,0,1
BRDA:36,65,0,5
BRDA:64,66,0,5
BRDA:40,67,0,1
BRDA:40,68,0,1
BRDA:42,69,0,4
BRDA:43,70,0,3
BRDA:43,71,0,1
BRDA:47,72,0,3
BRDA:49,73,0,2
BRDA:49,74,0,1
BRDA:49,75,0,2
BRDA:64,76,0,2
BRDA:54,77,0,1
BRDA:64,78,0,1
BRDA:64,79,0,2
BRF:80
BRH:60
end_of_record
TN:
SF:src/modules/users/services/UpdatedUserAvatarService.ts
FN:37,Object.<anonymous>
FN:37,Object.<anonymous>.__decorate
FN:37,Object.<anonymous>.__metadata
FN:37,Object.<anonymous>.__param
FN:37,Object.<anonymous>.__awaiter
FN:37,adopt
FN:37,fulfilled
FN:37,rejected
FN:37,step
FN:37,Object.<anonymous>.__generator
FN:37,sent
FN:37,g.<computed>
FN:37,verb
FN:37,step
FN:37,Object.<anonymous>.__importDefault
FN:13,UpdatedUserAvatarService
FN:20,Object.<anonymous>.UpdatedUserAvatarService.execute
FNF:17
FNH:15
FNDA:1,Object.<anonymous>
FNDA:1,Object.<anonymous>.__decorate
FNDA:1,Object.<anonymous>.__metadata
FNDA:2,Object.<anonymous>.__param
FNDA:4,Object.<anonymous>.__awaiter
FNDA:11,adopt
FNDA:11,fulfilled
FNDA:0,rejected
FNDA:14,step
FNDA:4,Object.<anonymous>.__generator
FNDA:11,sent
FNDA:0,g.<computed>
FNDA:12,verb
FNDA:15,step
FNDA:1,Object.<anonymous>.__importDefault
FNDA:3,UpdatedUserAvatarService
FNDA:4,Object.<anonymous>.UpdatedUserAvatarService.execute
DA:1,1
DA:2,1
DA:3,1
DA:4,1
DA:5,1
DA:6,1
DA:7,1
DA:8,1
DA:9,1
DA:10,1
DA:11,1
DA:12,1
DA:13,1
DA:14,3
DA:15,3
DA:16,3
DA:17,3
DA:18,3
DA:19,1
DA:20,1
DA:21,4
DA:22,4
DA:23,3
DA:24,3
DA:25,1
DA:26,1
DA:27,4
DA:28,4
DA:29,4
DA:30,4
DA:31,4
DA:32,4
DA:33,4
DA:34,4
DA:35,1
DA:36,1
DA:37,1
LF:37
LH:37
BRDA:37,0,0,1
BRDA:37,1,0,1
BRDA:37,2,0,1
BRDA:37,3,0,0
BRDA:37,4,0,0
BRDA:37,5,0,0
BRDA:37,6,0,0
BRDA:37,7,0,1
BRDA:37,8,0,2
BRDA:37,9,0,2
BRDA:37,10,0,4
BRDA:37,11,0,11
BRDA:37,12,0,0
BRDA:37,13,0,4
BRDA:37,14,0,11
BRDA:37,15,0,10
BRDA:37,16,0,1
BRDA:37,17,0,14
BRDA:37,18,0,3
BRDA:37,19,0,11
BRDA:37,20,0,4
BRDA:37,21,0,11
BRDA:37,22,0,0
BRDA:37,23,0,12
BRDA:37,24,0,15
BRDA:37,25,0,15
BRDA:37,26,0,0
BRDA:37,27,0,32
BRDA:37,28,0,0
BRDA:37,29,0,0
BRDA:37,30,0,0
BRDA:37,31,0,0
BRDA:37,32,0,15
BRDA:37,33,0,15
BRDA:37,34,0,11
BRDA:37,35,0,0
BRDA:37,36,0,0
BRDA:37,37,0,6
BRDA:37,38,0,0
BRDA:37,39,0,5
BRDA:37,40,0,4
BRDA:37,41,0,2
BRDA:37,42,0,0
BRDA:37,43,0,2
BRDA:37,44,0,0
BRDA:37,45,0,0
BRDA:37,46,0,0
BRDA:37,47,0,17
BRDA:37,48,0,16
BRDA:37,49,0,1
BRDA:37,50,0,17
BRDA:37,51,0,4
BRDA:37,52,0,1
BRDA:37,53,0,3
BRDA:37,54,0,0
BRDA:37,55,0,1
BRDA:37,56,0,0
BRDA:12,57,0,1
BRDA:13,58,0,3
BRDA:20,59,0,4
BRDA:37,60,0,4
BRDA:37,61,0,17
BRDA:21,62,0,4
BRDA:37,63,0,4
BRDA:22,64,0,1
BRDA:22,65,0,3
BRDA:24,66,0,2
BRDA:24,67,0,1
BRDA:37,68,0,1
BRDA:28,69,0,3
BRDA:37,70,0,3
BRDA:37,71,0,3
BRF:72
BRH:52
end_of_record
